This is pdfTeX, Version 3.14159265-2.6-1.40.19 (TeX Live 2018/Arch Linux) (preloaded format=pdflatex 2018.6.16)  20 AUG 2018 12:52
entering extended mode
 restricted \write18 enabled.
 %&-line parsing enabled.
**Aula02-atalhos.tex
(./Aula02-atalhos.tex
LaTeX2e <2018-04-01> patch level 2
Babel <3.18> and hyphenation patterns for 84 language(s) loaded.
(/usr/share/texmf-dist/tex/latex/beamer/beamer.cls
Document Class: beamer 2018/02/20 v3.50 A class for typesetting presentations
(/usr/share/texmf-dist/tex/latex/beamer/beamerbasemodes.sty
(/usr/share/texmf-dist/tex/latex/etoolbox/etoolbox.sty
Package: etoolbox 2018/02/11 v2.5e e-TeX tools for LaTeX (JAW)
\etb@tempcnta=\count80
)
\beamer@tempbox=\box26
\beamer@tempcount=\count81
\c@beamerpauses=\count82

(/usr/share/texmf-dist/tex/latex/beamer/beamerbasedecode.sty
\beamer@slideinframe=\count83
\beamer@minimum=\count84
)
\beamer@commentbox=\box27
\beamer@modecount=\count85
)
(/usr/share/texmf-dist/tex/generic/oberdiek/ifpdf.sty
Package: ifpdf 2017/03/15 v3.2 Provides the ifpdf switch
)
\headdp=\dimen102
\footheight=\dimen103
\sidebarheight=\dimen104
\beamer@tempdim=\dimen105
\beamer@finalheight=\dimen106
\beamer@animht=\dimen107
\beamer@animdp=\dimen108
\beamer@animwd=\dimen109
\beamer@leftmargin=\dimen110
\beamer@rightmargin=\dimen111
\beamer@leftsidebar=\dimen112
\beamer@rightsidebar=\dimen113
\beamer@boxsize=\dimen114
\beamer@vboxoffset=\dimen115
\beamer@descdefault=\dimen116
\beamer@descriptionwidth=\dimen117
\beamer@lastskip=\skip41
\beamer@areabox=\box28
\beamer@animcurrent=\box29
\beamer@animshowbox=\box30
\beamer@sectionbox=\box31
\beamer@logobox=\box32
\beamer@linebox=\box33
\beamer@sectioncount=\count86
\beamer@subsubsectionmax=\count87
\beamer@subsectionmax=\count88
\beamer@sectionmax=\count89
\beamer@totalheads=\count90
\beamer@headcounter=\count91
\beamer@partstartpage=\count92
\beamer@sectionstartpage=\count93
\beamer@subsectionstartpage=\count94
\beamer@animationtempa=\count95
\beamer@animationtempb=\count96
\beamer@xpos=\count97
\beamer@ypos=\count98
\beamer@ypos@offset=\count99
\beamer@showpartnumber=\count100
\beamer@currentsubsection=\count101
\beamer@coveringdepth=\count102
\beamer@sectionadjust=\count103
\beamer@tocsectionnumber=\count104

(/usr/share/texmf-dist/tex/latex/beamer/beamerbaseoptions.sty
(/usr/share/texmf-dist/tex/latex/graphics/keyval.sty
Package: keyval 2014/10/28 v1.15 key=value parser (DPC)
\KV@toks@=\toks14
))
\beamer@paperwidth=\skip42
\beamer@paperheight=\skip43

(/usr/share/texmf-dist/tex/latex/geometry/geometry.sty
Package: geometry 2018/03/24 v5.7 Page Geometry

(/usr/share/texmf-dist/tex/generic/oberdiek/ifvtex.sty
Package: ifvtex 2016/05/16 v1.6 Detect VTeX and its facilities (HO)
Package ifvtex Info: VTeX not detected.
)
(/usr/share/texmf-dist/tex/generic/ifxetex/ifxetex.sty
Package: ifxetex 2010/09/12 v0.6 Provides ifxetex conditional
)
\Gm@cnth=\count105
\Gm@cntv=\count106
\c@Gm@tempcnt=\count107
\Gm@bindingoffset=\dimen118
\Gm@wd@mp=\dimen119
\Gm@odd@mp=\dimen120
\Gm@even@mp=\dimen121
\Gm@layoutwidth=\dimen122
\Gm@layoutheight=\dimen123
\Gm@layouthoffset=\dimen124
\Gm@layoutvoffset=\dimen125
\Gm@dimlist=\toks15
)
(/usr/share/texmf-dist/tex/latex/base/size11.clo
File: size11.clo 2014/09/29 v1.4h Standard LaTeX file (size option)
)
(/usr/share/texmf-dist/tex/latex/pgf/basiclayer/pgfcore.sty
(/usr/share/texmf-dist/tex/latex/graphics/graphicx.sty
Package: graphicx 2017/06/01 v1.1a Enhanced LaTeX Graphics (DPC,SPQR)

(/usr/share/texmf-dist/tex/latex/graphics/graphics.sty
Package: graphics 2017/06/25 v1.2c Standard LaTeX Graphics (DPC,SPQR)

(/usr/share/texmf-dist/tex/latex/graphics/trig.sty
Package: trig 2016/01/03 v1.10 sin cos tan (DPC)
)
(/usr/share/texmf-dist/tex/latex/graphics-cfg/graphics.cfg
File: graphics.cfg 2016/06/04 v1.11 sample graphics configuration
)
Package graphics Info: Driver file: pdftex.def on input line 99.

(/usr/share/texmf-dist/tex/latex/graphics-def/pdftex.def
File: pdftex.def 2018/01/08 v1.0l Graphics/color driver for pdftex
))
\Gin@req@height=\dimen126
\Gin@req@width=\dimen127
)
(/usr/share/texmf-dist/tex/latex/pgf/systemlayer/pgfsys.sty
(/usr/share/texmf-dist/tex/latex/pgf/utilities/pgfrcs.sty
(/usr/share/texmf-dist/tex/generic/pgf/utilities/pgfutil-common.tex
\pgfutil@everybye=\toks16
\pgfutil@tempdima=\dimen128
\pgfutil@tempdimb=\dimen129

(/usr/share/texmf-dist/tex/generic/pgf/utilities/pgfutil-common-lists.tex))
(/usr/share/texmf-dist/tex/generic/pgf/utilities/pgfutil-latex.def
\pgfutil@abb=\box34

(/usr/share/texmf-dist/tex/latex/ms/everyshi.sty
Package: everyshi 2001/05/15 v3.00 EveryShipout Package (MS)
))
(/usr/share/texmf-dist/tex/generic/pgf/utilities/pgfrcs.code.tex
Package: pgfrcs 2015/08/07 v3.0.1a (rcs-revision 1.31)
))
(/usr/share/texmf-dist/tex/generic/pgf/systemlayer/pgfsys.code.tex
Package: pgfsys 2014/07/09 v3.0.1a (rcs-revision 1.48)

(/usr/share/texmf-dist/tex/generic/pgf/utilities/pgfkeys.code.tex
\pgfkeys@pathtoks=\toks17
\pgfkeys@temptoks=\toks18

(/usr/share/texmf-dist/tex/generic/pgf/utilities/pgfkeysfiltered.code.tex
\pgfkeys@tmptoks=\toks19
))
\pgf@x=\dimen130
\pgf@y=\dimen131
\pgf@xa=\dimen132
\pgf@ya=\dimen133
\pgf@xb=\dimen134
\pgf@yb=\dimen135
\pgf@xc=\dimen136
\pgf@yc=\dimen137
\w@pgf@writea=\write3
\r@pgf@reada=\read1
\c@pgf@counta=\count108
\c@pgf@countb=\count109
\c@pgf@countc=\count110
\c@pgf@countd=\count111
\t@pgf@toka=\toks20
\t@pgf@tokb=\toks21
\t@pgf@tokc=\toks22

(/usr/share/texmf-dist/tex/generic/pgf/systemlayer/pgf.cfg
File: pgf.cfg 2008/05/14  (rcs-revision 1.7)
)
Driver file for pgf: pgfsys-pdftex.def

(/usr/share/texmf-dist/tex/generic/pgf/systemlayer/pgfsys-pdftex.def
File: pgfsys-pdftex.def 2014/10/11  (rcs-revision 1.35)

(/usr/share/texmf-dist/tex/generic/pgf/systemlayer/pgfsys-common-pdf.def
File: pgfsys-common-pdf.def 2013/10/10  (rcs-revision 1.13)
)))
(/usr/share/texmf-dist/tex/generic/pgf/systemlayer/pgfsyssoftpath.code.tex
File: pgfsyssoftpath.code.tex 2013/09/09  (rcs-revision 1.9)
\pgfsyssoftpath@smallbuffer@items=\count112
\pgfsyssoftpath@bigbuffer@items=\count113
)
(/usr/share/texmf-dist/tex/generic/pgf/systemlayer/pgfsysprotocol.code.tex
File: pgfsysprotocol.code.tex 2006/10/16  (rcs-revision 1.4)
))
(/usr/share/texmf-dist/tex/latex/xcolor/xcolor.sty
Package: xcolor 2016/05/11 v2.12 LaTeX color extensions (UK)

(/usr/share/texmf-dist/tex/latex/graphics-cfg/color.cfg
File: color.cfg 2016/01/02 v1.6 sample color configuration
)
Package xcolor Info: Driver file: pdftex.def on input line 225.
Package xcolor Info: Model `cmy' substituted by `cmy0' on input line 1348.
Package xcolor Info: Model `hsb' substituted by `rgb' on input line 1352.
Package xcolor Info: Model `RGB' extended on input line 1364.
Package xcolor Info: Model `HTML' substituted by `rgb' on input line 1366.
Package xcolor Info: Model `Hsb' substituted by `hsb' on input line 1367.
Package xcolor Info: Model `tHsb' substituted by `hsb' on input line 1368.
Package xcolor Info: Model `HSB' substituted by `hsb' on input line 1369.
Package xcolor Info: Model `Gray' substituted by `gray' on input line 1370.
Package xcolor Info: Model `wave' substituted by `hsb' on input line 1371.
)
(/usr/share/texmf-dist/tex/generic/pgf/basiclayer/pgfcore.code.tex
Package: pgfcore 2010/04/11 v3.0.1a (rcs-revision 1.7)

(/usr/share/texmf-dist/tex/generic/pgf/math/pgfmath.code.tex
(/usr/share/texmf-dist/tex/generic/pgf/math/pgfmathcalc.code.tex
(/usr/share/texmf-dist/tex/generic/pgf/math/pgfmathutil.code.tex)
(/usr/share/texmf-dist/tex/generic/pgf/math/pgfmathparser.code.tex
\pgfmath@dimen=\dimen138
\pgfmath@count=\count114
\pgfmath@box=\box35
\pgfmath@toks=\toks23
\pgfmath@stack@operand=\toks24
\pgfmath@stack@operation=\toks25
)
(/usr/share/texmf-dist/tex/generic/pgf/math/pgfmathfunctions.code.tex
(/usr/share/texmf-dist/tex/generic/pgf/math/pgfmathfunctions.basic.code.tex)
(/usr/share/texmf-dist/tex/generic/pgf/math/pgfmathfunctions.trigonometric.code
.tex)
(/usr/share/texmf-dist/tex/generic/pgf/math/pgfmathfunctions.random.code.tex)
(/usr/share/texmf-dist/tex/generic/pgf/math/pgfmathfunctions.comparison.code.te
x) (/usr/share/texmf-dist/tex/generic/pgf/math/pgfmathfunctions.base.code.tex)
(/usr/share/texmf-dist/tex/generic/pgf/math/pgfmathfunctions.round.code.tex)
(/usr/share/texmf-dist/tex/generic/pgf/math/pgfmathfunctions.misc.code.tex)
(/usr/share/texmf-dist/tex/generic/pgf/math/pgfmathfunctions.integerarithmetics
.code.tex))) (/usr/share/texmf-dist/tex/generic/pgf/math/pgfmathfloat.code.tex
\c@pgfmathroundto@lastzeros=\count115
)) (/usr/share/texmf-dist/tex/generic/pgf/basiclayer/pgfcorepoints.code.tex
File: pgfcorepoints.code.tex 2013/10/07  (rcs-revision 1.27)
\pgf@picminx=\dimen139
\pgf@picmaxx=\dimen140
\pgf@picminy=\dimen141
\pgf@picmaxy=\dimen142
\pgf@pathminx=\dimen143
\pgf@pathmaxx=\dimen144
\pgf@pathminy=\dimen145
\pgf@pathmaxy=\dimen146
\pgf@xx=\dimen147
\pgf@xy=\dimen148
\pgf@yx=\dimen149
\pgf@yy=\dimen150
\pgf@zx=\dimen151
\pgf@zy=\dimen152
)
(/usr/share/texmf-dist/tex/generic/pgf/basiclayer/pgfcorepathconstruct.code.tex
File: pgfcorepathconstruct.code.tex 2013/10/07  (rcs-revision 1.29)
\pgf@path@lastx=\dimen153
\pgf@path@lasty=\dimen154
) (/usr/share/texmf-dist/tex/generic/pgf/basiclayer/pgfcorepathusage.code.tex
File: pgfcorepathusage.code.tex 2014/11/02  (rcs-revision 1.24)
\pgf@shorten@end@additional=\dimen155
\pgf@shorten@start@additional=\dimen156
)
(/usr/share/texmf-dist/tex/generic/pgf/basiclayer/pgfcorescopes.code.tex
File: pgfcorescopes.code.tex 2015/05/08  (rcs-revision 1.46)
\pgfpic=\box36
\pgf@hbox=\box37
\pgf@layerbox@main=\box38
\pgf@picture@serial@count=\count116
)
(/usr/share/texmf-dist/tex/generic/pgf/basiclayer/pgfcoregraphicstate.code.tex
File: pgfcoregraphicstate.code.tex 2014/11/02  (rcs-revision 1.12)
\pgflinewidth=\dimen157
)
(/usr/share/texmf-dist/tex/generic/pgf/basiclayer/pgfcoretransformations.code.t
ex
File: pgfcoretransformations.code.tex 2015/08/07  (rcs-revision 1.20)
\pgf@pt@x=\dimen158
\pgf@pt@y=\dimen159
\pgf@pt@temp=\dimen160
) (/usr/share/texmf-dist/tex/generic/pgf/basiclayer/pgfcorequick.code.tex
File: pgfcorequick.code.tex 2008/10/09  (rcs-revision 1.3)
)
(/usr/share/texmf-dist/tex/generic/pgf/basiclayer/pgfcoreobjects.code.tex
File: pgfcoreobjects.code.tex 2006/10/11  (rcs-revision 1.2)
)
(/usr/share/texmf-dist/tex/generic/pgf/basiclayer/pgfcorepathprocessing.code.te
x
File: pgfcorepathprocessing.code.tex 2013/09/09  (rcs-revision 1.9)
) (/usr/share/texmf-dist/tex/generic/pgf/basiclayer/pgfcorearrows.code.tex
File: pgfcorearrows.code.tex 2015/05/14  (rcs-revision 1.43)
\pgfarrowsep=\dimen161
)
(/usr/share/texmf-dist/tex/generic/pgf/basiclayer/pgfcoreshade.code.tex
File: pgfcoreshade.code.tex 2013/07/15  (rcs-revision 1.15)
\pgf@max=\dimen162
\pgf@sys@shading@range@num=\count117
)
(/usr/share/texmf-dist/tex/generic/pgf/basiclayer/pgfcoreimage.code.tex
File: pgfcoreimage.code.tex 2013/07/15  (rcs-revision 1.18)

(/usr/share/texmf-dist/tex/generic/pgf/basiclayer/pgfcoreexternal.code.tex
File: pgfcoreexternal.code.tex 2014/07/09  (rcs-revision 1.21)
\pgfexternal@startupbox=\box39
))
(/usr/share/texmf-dist/tex/generic/pgf/basiclayer/pgfcorelayers.code.tex
File: pgfcorelayers.code.tex 2013/07/18  (rcs-revision 1.7)
)
(/usr/share/texmf-dist/tex/generic/pgf/basiclayer/pgfcoretransparency.code.tex
File: pgfcoretransparency.code.tex 2013/09/30  (rcs-revision 1.5)
) (/usr/share/texmf-dist/tex/generic/pgf/basiclayer/pgfcorepatterns.code.tex
File: pgfcorepatterns.code.tex 2013/11/07  (rcs-revision 1.5)
)))
(/usr/share/texmf-dist/tex/latex/pgf/utilities/xxcolor.sty
Package: xxcolor 2003/10/24 ver 0.1
\XC@nummixins=\count118
\XC@countmixins=\count119
)
(/usr/share/texmf-dist/tex/generic/oberdiek/atbegshi.sty
Package: atbegshi 2016/06/09 v1.18 At begin shipout hook (HO)

(/usr/share/texmf-dist/tex/generic/oberdiek/infwarerr.sty
Package: infwarerr 2016/05/16 v1.4 Providing info/warning/error messages (HO)
)
(/usr/share/texmf-dist/tex/generic/oberdiek/ltxcmds.sty
Package: ltxcmds 2016/05/16 v1.23 LaTeX kernel commands for general use (HO)
))
(/usr/share/texmf-dist/tex/latex/hyperref/hyperref.sty
Package: hyperref 2018/02/06 v6.86b Hypertext links for LaTeX

(/usr/share/texmf-dist/tex/generic/oberdiek/hobsub-hyperref.sty
Package: hobsub-hyperref 2016/05/16 v1.14 Bundle oberdiek, subset hyperref (HO)


(/usr/share/texmf-dist/tex/generic/oberdiek/hobsub-generic.sty
Package: hobsub-generic 2016/05/16 v1.14 Bundle oberdiek, subset generic (HO)
Package: hobsub 2016/05/16 v1.14 Construct package bundles (HO)
Package hobsub Info: Skipping package `infwarerr' (already loaded).
Package hobsub Info: Skipping package `ltxcmds' (already loaded).
Package: ifluatex 2016/05/16 v1.4 Provides the ifluatex switch (HO)
Package ifluatex Info: LuaTeX not detected.
Package hobsub Info: Skipping package `ifvtex' (already loaded).
Package: intcalc 2016/05/16 v1.2 Expandable calculations with integers (HO)
Package hobsub Info: Skipping package `ifpdf' (already loaded).
Package: etexcmds 2016/05/16 v1.6 Avoid name clashes with e-TeX commands (HO)
Package etexcmds Info: Could not find \expanded.
(etexcmds)             That can mean that you are not using pdfTeX 1.50 or
(etexcmds)             that some package has redefined \expanded.
(etexcmds)             In the latter case, load this package earlier.
Package: kvsetkeys 2016/05/16 v1.17 Key value parser (HO)
Package: kvdefinekeys 2016/05/16 v1.4 Define keys (HO)
Package: pdftexcmds 2018/01/30 v0.27 Utility functions of pdfTeX for LuaTeX (HO
)
Package pdftexcmds Info: LuaTeX not detected.
Package pdftexcmds Info: \pdf@primitive is available.
Package pdftexcmds Info: \pdf@ifprimitive is available.
Package pdftexcmds Info: \pdfdraftmode found.
Package: pdfescape 2016/05/16 v1.14 Implements pdfTeX's escape features (HO)
Package: bigintcalc 2016/05/16 v1.4 Expandable calculations on big integers (HO
)
Package: bitset 2016/05/16 v1.2 Handle bit-vector datatype (HO)
Package: uniquecounter 2016/05/16 v1.3 Provide unlimited unique counter (HO)
)
Package hobsub Info: Skipping package `hobsub' (already loaded).
Package: letltxmacro 2016/05/16 v1.5 Let assignment for LaTeX macros (HO)
Package: hopatch 2016/05/16 v1.3 Wrapper for package hooks (HO)
Package: xcolor-patch 2016/05/16 xcolor patch
Package: atveryend 2016/05/16 v1.9 Hooks at the very end of document (HO)
Package hobsub Info: Skipping package `atbegshi' (already loaded).
Package: refcount 2016/05/16 v3.5 Data extraction from label references (HO)
Package: hycolor 2016/05/16 v1.8 Color options for hyperref/bookmark (HO)
)
(/usr/share/texmf-dist/tex/latex/oberdiek/auxhook.sty
Package: auxhook 2016/05/16 v1.4 Hooks for auxiliary files (HO)
)
(/usr/share/texmf-dist/tex/latex/oberdiek/kvoptions.sty
Package: kvoptions 2016/05/16 v3.12 Key value format for package options (HO)
)
\@linkdim=\dimen163
\Hy@linkcounter=\count120
\Hy@pagecounter=\count121

(/usr/share/texmf-dist/tex/latex/hyperref/pd1enc.def
File: pd1enc.def 2018/02/06 v6.86b Hyperref: PDFDocEncoding definition (HO)
Now handling font encoding PD1 ...
... no UTF-8 mapping file for font encoding PD1
)
\Hy@SavedSpaceFactor=\count122

(/usr/share/texmf-dist/tex/latex/latexconfig/hyperref.cfg
File: hyperref.cfg 2002/06/06 v1.2 hyperref configuration of TeXLive
)
Package hyperref Info: Option `bookmarks' set `true' on input line 4383.
Package hyperref Info: Option `bookmarksopen' set `true' on input line 4383.
Package hyperref Info: Option `implicit' set `false' on input line 4383.
Package hyperref Info: Hyper figures OFF on input line 4509.
Package hyperref Info: Link nesting OFF on input line 4514.
Package hyperref Info: Hyper index ON on input line 4517.
Package hyperref Info: Plain pages OFF on input line 4524.
Package hyperref Info: Backreferencing OFF on input line 4529.
Package hyperref Info: Implicit mode OFF; no redefinition of LaTeX internals.
Package hyperref Info: Bookmarks ON on input line 4762.
\c@Hy@tempcnt=\count123

(/usr/share/texmf-dist/tex/latex/url/url.sty
\Urlmuskip=\muskip10
Package: url 2013/09/16  ver 3.4  Verb mode for urls, etc.
)
LaTeX Info: Redefining \url on input line 5115.
\XeTeXLinkMargin=\dimen164
\Fld@menulength=\count124
\Field@Width=\dimen165
\Fld@charsize=\dimen166
Package hyperref Info: Hyper figures OFF on input line 6369.
Package hyperref Info: Link nesting OFF on input line 6374.
Package hyperref Info: Hyper index ON on input line 6377.
Package hyperref Info: backreferencing OFF on input line 6384.
Package hyperref Info: Link coloring OFF on input line 6389.
Package hyperref Info: Link coloring with OCG OFF on input line 6394.
Package hyperref Info: PDF/A mode OFF on input line 6399.
LaTeX Info: Redefining \ref on input line 6439.
LaTeX Info: Redefining \pageref on input line 6443.
\Hy@abspage=\count125


Package hyperref Message: Stopped early.

)
Package hyperref Info: Driver (autodetected): hpdftex.
 (/usr/share/texmf-dist/tex/latex/hyperref/hpdftex.def
File: hpdftex.def 2018/02/06 v6.86b Hyperref driver for pdfTeX
\Fld@listcount=\count126
\c@bookmark@seq@number=\count127

(/usr/share/texmf-dist/tex/latex/oberdiek/rerunfilecheck.sty
Package: rerunfilecheck 2016/05/16 v1.8 Rerun checks for auxiliary files (HO)
Package uniquecounter Info: New unique counter `rerunfilecheck' on input line 2
82.
))
(/usr/share/texmf-dist/tex/latex/beamer/beamerbaserequires.sty
(/usr/share/texmf-dist/tex/latex/beamer/beamerbasecompatibility.sty)
(/usr/share/texmf-dist/tex/latex/beamer/beamerbasefont.sty
(/usr/share/texmf-dist/tex/latex/amsfonts/amssymb.sty
Package: amssymb 2013/01/14 v3.01 AMS font symbols

(/usr/share/texmf-dist/tex/latex/amsfonts/amsfonts.sty
Package: amsfonts 2013/01/14 v3.01 Basic AMSFonts support
\@emptytoks=\toks26
\symAMSa=\mathgroup4
\symAMSb=\mathgroup5
LaTeX Font Info:    Overwriting math alphabet `\mathfrak' in version `bold'
(Font)                  U/euf/m/n --> U/euf/b/n on input line 106.
))
(/usr/share/texmf-dist/tex/latex/sansmathaccent/sansmathaccent.sty
Package: sansmathaccent 2013/03/28

(/usr/share/texmf-dist/tex/latex/filehook/filehook.sty
Package: filehook 2011/10/12 v0.5d Hooks for input files
)))
(/usr/share/texmf-dist/tex/latex/beamer/beamerbasetranslator.sty
(/usr/share/texmf-dist/tex/latex/translator/translator.sty
Package: translator 2018/01/04 v1.12 Easy translation of strings in LaTeX
))
(/usr/share/texmf-dist/tex/latex/beamer/beamerbasemisc.sty)
(/usr/share/texmf-dist/tex/latex/beamer/beamerbasetwoscreens.sty)
(/usr/share/texmf-dist/tex/latex/beamer/beamerbaseoverlay.sty
\beamer@argscount=\count128
\beamer@lastskipcover=\skip44
\beamer@trivlistdepth=\count129
)
(/usr/share/texmf-dist/tex/latex/beamer/beamerbasetitle.sty)
(/usr/share/texmf-dist/tex/latex/beamer/beamerbasesection.sty
\c@lecture=\count130
\c@part=\count131
\c@section=\count132
\c@subsection=\count133
\c@subsubsection=\count134
)
(/usr/share/texmf-dist/tex/latex/beamer/beamerbaseframe.sty
\beamer@framebox=\box40
\beamer@frametitlebox=\box41
\beamer@zoombox=\box42
\beamer@zoomcount=\count135
\beamer@zoomframecount=\count136
\beamer@frametextheight=\dimen167
\c@subsectionslide=\count137
\beamer@frametopskip=\skip45
\beamer@framebottomskip=\skip46
\beamer@frametopskipautobreak=\skip47
\beamer@framebottomskipautobreak=\skip48
\beamer@envbody=\toks27
\framewidth=\dimen168
\c@framenumber=\count138
)
(/usr/share/texmf-dist/tex/latex/beamer/beamerbaseverbatim.sty
\beamer@verbatimfileout=\write4
)
(/usr/share/texmf-dist/tex/latex/beamer/beamerbaseframesize.sty
\beamer@splitbox=\box43
\beamer@autobreakcount=\count139
\beamer@autobreaklastheight=\dimen169
\beamer@frametitletoks=\toks28
\beamer@framesubtitletoks=\toks29
)
(/usr/share/texmf-dist/tex/latex/beamer/beamerbaseframecomponents.sty
\beamer@footins=\box44
)
(/usr/share/texmf-dist/tex/latex/beamer/beamerbasecolor.sty
\beamer@bg@ht=\dimen170
\beamer@bg@wd=\dimen171
\beamer@bg@dp=\dimen172
)
(/usr/share/texmf-dist/tex/latex/beamer/beamerbasenotes.sty
\beamer@frameboxcopy=\box45
)
(/usr/share/texmf-dist/tex/latex/beamer/beamerbasetoc.sty)
(/usr/share/texmf-dist/tex/latex/beamer/beamerbasetemplates.sty
\beamer@sbttoks=\toks30

(/usr/share/texmf-dist/tex/latex/beamer/beamerbaseauxtemplates.sty
(/usr/share/texmf-dist/tex/latex/beamer/beamerbaseboxes.sty
\bmb@box=\box46
\bmb@colorbox=\box47
\bmb@boxshadow=\box48
\bmb@boxshadowball=\box49
\bmb@boxshadowballlarge=\box50
\bmb@temp=\dimen173
\bmb@dima=\dimen174
\bmb@dimb=\dimen175
\bmb@prevheight=\dimen176
)
\beamer@blockheadheight=\dimen177
))
(/usr/share/texmf-dist/tex/latex/beamer/beamerbaselocalstructure.sty
(/usr/share/texmf-dist/tex/latex/tools/enumerate.sty
Package: enumerate 2015/07/23 v3.00 enumerate extensions (DPC)
\@enLab=\toks31
)
\c@figure=\count140
\c@table=\count141
\abovecaptionskip=\skip49
\belowcaptionskip=\skip50
)
(/usr/share/texmf-dist/tex/latex/beamer/beamerbasenavigation.sty
\beamer@section@min@dim=\dimen178
)
(/usr/share/texmf-dist/tex/latex/beamer/beamerbasetheorems.sty
(/usr/share/texmf-dist/tex/latex/amsmath/amsmath.sty
Package: amsmath 2017/09/02 v2.17a AMS math features
\@mathmargin=\skip51

For additional information on amsmath, use the `?' option.
(/usr/share/texmf-dist/tex/latex/amsmath/amstext.sty
Package: amstext 2000/06/29 v2.01 AMS text

(/usr/share/texmf-dist/tex/latex/amsmath/amsgen.sty
File: amsgen.sty 1999/11/30 v2.0 generic functions
\@emptytoks=\toks32
\ex@=\dimen179
))
(/usr/share/texmf-dist/tex/latex/amsmath/amsbsy.sty
Package: amsbsy 1999/11/29 v1.2d Bold Symbols
\pmbraise@=\dimen180
)
(/usr/share/texmf-dist/tex/latex/amsmath/amsopn.sty
Package: amsopn 2016/03/08 v2.02 operator names
)
\inf@bad=\count142
LaTeX Info: Redefining \frac on input line 213.
\uproot@=\count143
\leftroot@=\count144
LaTeX Info: Redefining \overline on input line 375.
\classnum@=\count145
\DOTSCASE@=\count146
LaTeX Info: Redefining \ldots on input line 472.
LaTeX Info: Redefining \dots on input line 475.
LaTeX Info: Redefining \cdots on input line 596.
\Mathstrutbox@=\box51
\strutbox@=\box52
\big@size=\dimen181
LaTeX Font Info:    Redeclaring font encoding OML on input line 712.
LaTeX Font Info:    Redeclaring font encoding OMS on input line 713.
\macc@depth=\count147
\c@MaxMatrixCols=\count148
\dotsspace@=\muskip11
\c@parentequation=\count149
\dspbrk@lvl=\count150
\tag@help=\toks33
\row@=\count151
\column@=\count152
\maxfields@=\count153
\andhelp@=\toks34
\eqnshift@=\dimen182
\alignsep@=\dimen183
\tagshift@=\dimen184
\tagwidth@=\dimen185
\totwidth@=\dimen186
\lineht@=\dimen187
\@envbody=\toks35
\multlinegap=\skip52
\multlinetaggap=\skip53
\mathdisplay@stack=\toks36
LaTeX Info: Redefining \[ on input line 2817.
LaTeX Info: Redefining \] on input line 2818.
)
(/usr/share/texmf-dist/tex/latex/amscls/amsthm.sty
Package: amsthm 2017/10/31 v2.20.4
\thm@style=\toks37
\thm@bodyfont=\toks38
\thm@headfont=\toks39
\thm@notefont=\toks40
\thm@headpunct=\toks41
\thm@preskip=\skip54
\thm@postskip=\skip55
\thm@headsep=\skip56
\dth@everypar=\toks42
)
\c@theorem=\count154
)
(/usr/share/texmf-dist/tex/latex/beamer/beamerbasethemes.sty))
(/usr/share/texmf-dist/tex/latex/beamer/beamerthemedefault.sty
(/usr/share/texmf-dist/tex/latex/beamer/beamerfontthemedefault.sty)
(/usr/share/texmf-dist/tex/latex/beamer/beamercolorthemedefault.sty)
(/usr/share/texmf-dist/tex/latex/beamer/beamerinnerthemedefault.sty
\beamer@dima=\dimen188
\beamer@dimb=\dimen189
)
(/usr/share/texmf-dist/tex/latex/beamer/beamerouterthemedefault.sty)))
(/usr/share/texmf-dist/tex/latex/tools/verbatim.sty
Package: verbatim 2014/10/28 v1.5q LaTeX2e package for verbatim enhancements
\every@verbatim=\toks43
\verbatim@line=\toks44
\verbatim@in@stream=\read2
)
(/usr/share/texmf-dist/tex/latex/booktabs/booktabs.sty
Package: booktabs 2016/04/27 v1.618033 publication quality tables
\heavyrulewidth=\dimen190
\lightrulewidth=\dimen191
\cmidrulewidth=\dimen192
\belowrulesep=\dimen193
\belowbottomsep=\dimen194
\aboverulesep=\dimen195
\abovetopsep=\dimen196
\cmidrulesep=\dimen197
\cmidrulekern=\dimen198
\defaultaddspace=\dimen199
\@cmidla=\count155
\@cmidlb=\count156
\@aboverulesep=\dimen256
\@belowrulesep=\dimen257
\@thisruleclass=\count157
\@lastruleclass=\count158
\@thisrulewidth=\dimen258
)
(/usr/share/texmf-dist/tex/generic/babel/babel.sty
Package: babel 2018/02/14 3.18 The Babel package

(/usr/share/texmf-dist/tex/generic/babel/switch.def
File: switch.def 2018/02/14 3.18 Babel switching mechanism
)
(/usr/share/texmf-dist/tex/generic/babel-portuges/portuges.ldf
Language: portuges 2008/03/18 v1.2q Portuguese support from the babel system

(/usr/share/texmf-dist/tex/generic/babel/babel.def
File: babel.def 2018/02/14 3.18 Babel common definitions
\babel@savecnt=\count159
\U@D=\dimen259

(/usr/share/texmf-dist/tex/generic/babel/txtbabel.def)
LaTeX Info: Redefining \textlatin on input line 1839.
\bbl@dirlevel=\count160
)
\l@brazil = a dialect from \language\l@portuges 
Package babel Info: Making " an active character on input line 145.
))
(/usr/share/texmf-dist/tex/latex/base/inputenc.sty
Package: inputenc 2018/04/06 v1.3b Input encoding file
\inpenc@prehook=\toks45
\inpenc@posthook=\toks46

(/usr/share/texmf-dist/tex/latex/ucs/utf8x.def
File: utf8x.def 2004/10/17 UCS: Input encoding UTF-8
))
(/usr/share/texmf-dist/tex/latex/ucs/ucs.sty
Package: ucs 2013/05/11 v2.2 UCS: Unicode input support

(/usr/share/texmf-dist/tex/latex/ucs/data/uni-global.def
File: uni-global.def 2013/05/13 UCS: Unicode global data
)
\uc@secondtry=\count161
\uc@combtoks=\toks47
\uc@combtoksb=\toks48
\uc@temptokena=\toks49
)
(/usr/share/texmf-dist/tex/latex/algorithm2e/algorithm2e.sty
Package: algorithm2e 2017/07/18 v5.2 algorithms environments
\c@AlgoLine=\count162

(/usr/share/texmf-dist/tex/latex/base/ifthen.sty
Package: ifthen 2014/09/29 v1.1c Standard LaTeX ifthen package (DPC)
)
\algocf@hangindent=\skip57

(/usr/share/texmf-dist/tex/latex/ifoddpage/ifoddpage.sty
Package: ifoddpage 2016/04/23 v1.1 Conditionals for odd/even page detection
\c@checkoddpage=\count163
)
(/usr/share/texmf-dist/tex/latex/tools/xspace.sty
Package: xspace 2014/10/28 v1.13 Space after command names (DPC,MH)
)
(/usr/share/texmf-dist/tex/latex/relsize/relsize.sty
Package: relsize 2013/03/29 ver 4.1
)
\skiptotal=\skip58
\skiplinenumber=\skip59
\skiprule=\skip60
\skiphlne=\skip61
\skiptext=\skip62
\skiplength=\skip63
\algomargin=\skip64
\skipalgocfslide=\skip65
\algowidth=\dimen260
\inoutsize=\dimen261
\inoutindent=\dimen262
\interspacetitleruled=\dimen263
\interspacealgoruled=\dimen264
\interspacetitleboxruled=\dimen265
\algocf@ruledwidth=\skip66
\algocf@inoutbox=\box53
\algocf@inputbox=\box54
\AlCapSkip=\skip67
\AlCapHSkip=\skip68
\algoskipindent=\skip69
\algocf@nlbox=\box55
\algocf@hangingbox=\box56
\algocf@untilbox=\box57
\algocf@skipuntil=\skip70
\algocf@capbox=\box58
\algocf@lcaptionbox=\skip71
\algoheightruledefault=\skip72
\algoheightrule=\skip73
\algotitleheightruledefault=\skip74
\algotitleheightrule=\skip75
\c@algocfline=\count164
\c@algocfproc=\count165
\c@algocf=\count166
\algocf@algoframe=\box59
\algocf@algobox=\box60
)
(/usr/share/texmf-dist/tex/latex/float/float.sty
Package: float 2001/11/08 v1.3d Float enhancements (AL)
\c@float@type=\count167
\float@exts=\toks50
\float@box=\box61
\@float@everytoks=\toks51
\@floatcapt=\box62
)
(/usr/share/texmf-dist/tex/latex/beamer/beamerthemeMadrid.sty
(/usr/share/texmf-dist/tex/latex/beamer/beamercolorthemewhale.sty)
(/usr/share/texmf-dist/tex/latex/beamer/beamercolorthemeorchid.sty)
(/usr/share/texmf-dist/tex/latex/beamer/beamerinnerthemerounded.sty)
(/usr/share/texmf-dist/tex/latex/beamer/beamerouterthemeinfolines.sty))
(/usr/share/texmf-dist/tex/latex/pgf/frontendlayer/tikz.sty
(/usr/share/texmf-dist/tex/latex/pgf/basiclayer/pgf.sty
Package: pgf 2015/08/07 v3.0.1a (rcs-revision 1.15)

(/usr/share/texmf-dist/tex/generic/pgf/modules/pgfmoduleshapes.code.tex
File: pgfmoduleshapes.code.tex 2014/03/21  (rcs-revision 1.35)
\pgfnodeparttextbox=\box63
)
(/usr/share/texmf-dist/tex/generic/pgf/modules/pgfmoduleplot.code.tex
File: pgfmoduleplot.code.tex 2015/08/03  (rcs-revision 1.13)
)
(/usr/share/texmf-dist/tex/latex/pgf/compatibility/pgfcomp-version-0-65.sty
Package: pgfcomp-version-0-65 2007/07/03 v3.0.1a (rcs-revision 1.7)
\pgf@nodesepstart=\dimen266
\pgf@nodesepend=\dimen267
)
(/usr/share/texmf-dist/tex/latex/pgf/compatibility/pgfcomp-version-1-18.sty
Package: pgfcomp-version-1-18 2007/07/23 v3.0.1a (rcs-revision 1.1)
))
(/usr/share/texmf-dist/tex/latex/pgf/utilities/pgffor.sty
(/usr/share/texmf-dist/tex/latex/pgf/utilities/pgfkeys.sty
(/usr/share/texmf-dist/tex/generic/pgf/utilities/pgfkeys.code.tex))
(/usr/share/texmf-dist/tex/latex/pgf/math/pgfmath.sty
(/usr/share/texmf-dist/tex/generic/pgf/math/pgfmath.code.tex))
(/usr/share/texmf-dist/tex/generic/pgf/utilities/pgffor.code.tex
Package: pgffor 2013/12/13 v3.0.1a (rcs-revision 1.25)

(/usr/share/texmf-dist/tex/generic/pgf/math/pgfmath.code.tex)
\pgffor@iter=\dimen268
\pgffor@skip=\dimen269
\pgffor@stack=\toks52
\pgffor@toks=\toks53
))
(/usr/share/texmf-dist/tex/generic/pgf/frontendlayer/tikz/tikz.code.tex
Package: tikz 2015/08/07 v3.0.1a (rcs-revision 1.151)

(/usr/share/texmf-dist/tex/generic/pgf/libraries/pgflibraryplothandlers.code.te
x
File: pgflibraryplothandlers.code.tex 2013/08/31 v3.0.1a (rcs-revision 1.20)
\pgf@plot@mark@count=\count168
\pgfplotmarksize=\dimen270
)
\tikz@lastx=\dimen271
\tikz@lasty=\dimen272
\tikz@lastxsaved=\dimen273
\tikz@lastysaved=\dimen274
\tikzleveldistance=\dimen275
\tikzsiblingdistance=\dimen276
\tikz@figbox=\box64
\tikz@figbox@bg=\box65
\tikz@tempbox=\box66
\tikz@tempbox@bg=\box67
\tikztreelevel=\count169
\tikznumberofchildren=\count170
\tikznumberofcurrentchild=\count171
\tikz@fig@count=\count172
 (/usr/share/texmf-dist/tex/generic/pgf/modules/pgfmodulematrix.code.tex
File: pgfmodulematrix.code.tex 2013/09/17  (rcs-revision 1.8)
\pgfmatrixcurrentrow=\count173
\pgfmatrixcurrentcolumn=\count174
\pgf@matrix@numberofcolumns=\count175
)
\tikz@expandcount=\count176

(/usr/share/texmf-dist/tex/generic/pgf/frontendlayer/tikz/libraries/tikzlibrary
topaths.code.tex
File: tikzlibrarytopaths.code.tex 2008/06/17 v3.0.1a (rcs-revision 1.2)
))) (/usr/share/texmf-dist/tex/latex/listings/listings.sty
\lst@mode=\count177
\lst@gtempboxa=\box68
\lst@token=\toks54
\lst@length=\count178
\lst@currlwidth=\dimen277
\lst@column=\count179
\lst@pos=\count180
\lst@lostspace=\dimen278
\lst@width=\dimen279
\lst@newlines=\count181
\lst@lineno=\count182
\lst@maxwidth=\dimen280

(/usr/share/texmf-dist/tex/latex/listings/lstmisc.sty
File: lstmisc.sty 2015/06/04 1.6 (Carsten Heinz)
\c@lstnumber=\count183
\lst@skipnumbers=\count184
\lst@framebox=\box69
)
(/usr/share/texmf-dist/tex/latex/listings/listings.cfg
File: listings.cfg 2015/06/04 1.6 listings configuration
))
Package: listings 2015/06/04 1.6 (Carsten Heinz)

(/usr/share/texmf-dist/tex/latex/adjustbox/adjustbox.sty
Package: adjustbox 2018/04/08 v1.1 Adjusting TeX boxes (trim, clip, ...)

(/usr/share/texmf-dist/tex/latex/xkeyval/xkeyval.sty
Package: xkeyval 2014/12/03 v2.7a package option processing (HA)

(/usr/share/texmf-dist/tex/generic/xkeyval/xkeyval.tex
(/usr/share/texmf-dist/tex/generic/xkeyval/xkvutils.tex
\XKV@toks=\toks55
\XKV@tempa@toks=\toks56
)
\XKV@depth=\count185
File: xkeyval.tex 2014/12/03 v2.7a key=value parser (HA)
))
(/usr/share/texmf-dist/tex/latex/adjustbox/adjcalc.sty
Package: adjcalc 2012/05/16 v1.1 Provides advanced setlength with multiple back
-ends (calc, etex, pgfmath)
)
(/usr/share/texmf-dist/tex/latex/adjustbox/trimclip.sty
Package: trimclip 2018/04/08 v1.1 Trim and clip general TeX material

(/usr/share/texmf-dist/tex/latex/collectbox/collectbox.sty
Package: collectbox 2012/05/17 v0.4b Collect macro arguments as boxes
\collectedbox=\box70
)
\tc@llx=\dimen281
\tc@lly=\dimen282
\tc@urx=\dimen283
\tc@ury=\dimen284
Package trimclip Info: Using driver 'tc-pdftex.def'.

(/usr/share/texmf-dist/tex/latex/adjustbox/tc-pdftex.def
File: tc-pdftex.def 2018/04/08 v2.1 Clipping driver for pdftex
))
\adjbox@Width=\dimen285
\adjbox@Height=\dimen286
\adjbox@Depth=\dimen287
\adjbox@Totalheight=\dimen288
\adjbox@pwidth=\dimen289
\adjbox@pheight=\dimen290
\adjbox@pdepth=\dimen291
\adjbox@ptotalheight=\dimen292

(/usr/share/texmf-dist/tex/latex/varwidth/varwidth.sty
Package: varwidth 2009/03/30 ver 0.92;  Variable-width minipages
\@vwid@box=\box71
\sift@deathcycles=\count186
\@vwid@loff=\dimen293
\@vwid@roff=\dimen294
))
(/usr/share/texmf-dist/tex/latex/colortbl/colortbl.sty
Package: colortbl 2012/02/13 v1.0a Color table columns (DPC)

(/usr/share/texmf-dist/tex/latex/tools/array.sty
Package: array 2018/04/07 v2.4g Tabular extension package (FMi)
\col@sep=\dimen295
\ar@mcellbox=\box72
\extrarowheight=\dimen296
\NC@list=\toks57
\extratabsurround=\skip76
\backup@length=\skip77
\ar@cellbox=\box73
)
\everycr=\toks58
\minrowclearance=\skip78
)
(/usr/share/texmf-dist/tex/generic/pgf/frontendlayer/tikz/libraries/tikzlibrary
positioning.code.tex
File: tikzlibrarypositioning.code.tex 2008/10/06 v3.0.1a (rcs-revision 1.7)
)
(/usr/share/texmf-dist/tex/latex/circuitikz/circuitikz.sty
Package: circuitikz 2017/05/28{} The CircuiTikz circuit drawing package version
 0.8.3

(/usr/share/texmf-dist/tex/generic/pgf/frontendlayer/tikz/libraries/tikzlibrary
calc.code.tex
File: tikzlibrarycalc.code.tex 2013/07/15 v3.0.1a (rcs-revision 1.9)
)
(/usr/share/texmf-dist/tex/generic/pgf/libraries/pgflibraryarrows.code.tex
File: pgflibraryarrows.code.tex 2013/09/23 v3.0.1a (rcs-revision 1.16)
\arrowsize=\dimen297
)
(/usr/share/texmf-dist/tex/generic/circuitikz/pgfcirc.defines.tex
\pgf@circ@res@up=\dimen298
\pgf@circ@res@down=\dimen299
\pgf@circ@res@zero=\dimen300
\pgf@circ@res@left=\dimen301
\pgf@circ@res@right=\dimen302
\pgf@circ@res@other=\dimen303
\pgf@circ@res@step=\dimen304
\pgf@circ@res@temp=\dimen305
\pgfstartlinewidth=\dimen306
\pgf@circ@Rlen=\dimen307
)
(/usr/share/texmf-dist/tex/generic/circuitikz/pgfcircutils.tex)
(/usr/share/texmf-dist/tex/generic/circuitikz/pgfcircshapes.tex)
(/usr/share/texmf-dist/tex/generic/circuitikz/pgfcircmonopoles.tex)
(/usr/share/texmf-dist/tex/generic/circuitikz/pgfcircbipoles.tex)
(/usr/share/texmf-dist/tex/generic/circuitikz/pgfcirctripoles.tex)
(/usr/share/texmf-dist/tex/generic/circuitikz/pgfcircquadpoles.tex)
(/usr/share/texmf-dist/tex/generic/circuitikz/pgfcirclabel.tex)
(/usr/share/texmf-dist/tex/generic/circuitikz/pgfcircvoltage.tex)
(/usr/share/texmf-dist/tex/generic/circuitikz/pgfcirccurrent.tex)
(/usr/share/texmf-dist/tex/generic/circuitikz/pgfcircflow.tex)
(/usr/share/texmf-dist/tex/generic/circuitikz/pgfcircpath.tex))
(/usr/share/texmf-dist/tex/generic/pgf/frontendlayer/tikz/libraries/tikzlibrary
shapes.code.tex
File: tikzlibraryshapes.code.tex 2008/01/09 v3.0.1a (rcs-revision 1.1)

(/usr/share/texmf-dist/tex/generic/pgf/frontendlayer/tikz/libraries/tikzlibrary
shapes.geometric.code.tex
File: tikzlibraryshapes.geometric.code.tex 2008/01/09 v3.0.1a (rcs-revision 1.1
)

(/usr/share/texmf-dist/tex/generic/pgf/libraries/shapes/pgflibraryshapes.geomet
ric.code.tex
File: pgflibraryshapes.geometric.code.tex 2008/06/26 v3.0.1a (rcs-revision 1.1)

))
(/usr/share/texmf-dist/tex/generic/pgf/frontendlayer/tikz/libraries/tikzlibrary
shapes.misc.code.tex
File: tikzlibraryshapes.misc.code.tex 2008/01/09 v3.0.1a (rcs-revision 1.1)

(/usr/share/texmf-dist/tex/generic/pgf/libraries/shapes/pgflibraryshapes.misc.c
ode.tex
File: pgflibraryshapes.misc.code.tex 2013/07/18 v3.0.1a (rcs-revision 1.5)
))
(/usr/share/texmf-dist/tex/generic/pgf/frontendlayer/tikz/libraries/tikzlibrary
shapes.symbols.code.tex
File: tikzlibraryshapes.symbols.code.tex 2008/01/09 v3.0.1a (rcs-revision 1.1)

(/usr/share/texmf-dist/tex/generic/pgf/libraries/shapes/pgflibraryshapes.symbol
s.code.tex
File: pgflibraryshapes.symbols.code.tex 2013/09/11 v3.0.1a (rcs-revision 1.6)
))
(/usr/share/texmf-dist/tex/generic/pgf/frontendlayer/tikz/libraries/tikzlibrary
shapes.arrows.code.tex
File: tikzlibraryshapes.arrows.code.tex 2008/01/09 v3.0.1a (rcs-revision 1.1)

(/usr/share/texmf-dist/tex/generic/pgf/libraries/shapes/pgflibraryshapes.arrows
.code.tex
File: pgflibraryshapes.arrows.code.tex 2008/06/26 v3.0.1a (rcs-revision 1.1)
))
(/usr/share/texmf-dist/tex/generic/pgf/frontendlayer/tikz/libraries/tikzlibrary
shapes.callouts.code.tex
(/usr/share/texmf-dist/tex/generic/pgf/libraries/shapes/pgflibraryshapes.callou
ts.code.tex))
(/usr/share/texmf-dist/tex/generic/pgf/frontendlayer/tikz/libraries/tikzlibrary
shapes.multipart.code.tex
File: tikzlibraryshapes.multipart.code.tex 2008/01/09 v3.0.1a (rcs-revision 1.1
)

(/usr/share/texmf-dist/tex/generic/pgf/libraries/shapes/pgflibraryshapes.multip
art.code.tex
File: pgflibraryshapes.multipart.code.tex 2010/01/07 v3.0.1a (rcs-revision 1.2)

\pgfnodepartlowerbox=\box74
\pgfnodeparttwobox=\box75
\pgfnodepartthreebox=\box76
\pgfnodepartfourbox=\box77
\pgfnodeparttwentybox=\box78
\pgfnodepartnineteenbox=\box79
\pgfnodeparteighteenbox=\box80
\pgfnodepartseventeenbox=\box81
\pgfnodepartsixteenbox=\box82
\pgfnodepartfifteenbox=\box83
\pgfnodepartfourteenbox=\box84
\pgfnodepartthirteenbox=\box85
\pgfnodeparttwelvebox=\box86
\pgfnodepartelevenbox=\box87
\pgfnodeparttenbox=\box88
\pgfnodepartninebox=\box89
\pgfnodeparteightbox=\box90
\pgfnodepartsevenbox=\box91
\pgfnodepartsixbox=\box92
\pgfnodepartfivebox=\box93
)))
(/usr/share/texmf-dist/tex/generic/pgf/frontendlayer/tikz/libraries/tikzlibrary
arrows.code.tex
File: tikzlibraryarrows.code.tex 2008/01/09 v3.0.1a (rcs-revision 1.1)
) (/usr/share/texmf-dist/tex/latex/ucs/data/uni-0.def
File: uni-0.def 2013/05/13 UCS: Unicode data U+0000..U+00FF
)

Package hyperref Warning: Token not allowed in a PDF string (PDFDocEncoding):
(hyperref)                removing `\\' on input line 57.

(./Aula02-atalhos.aux)
\openout1 = `Aula02-atalhos.aux'.

LaTeX Font Info:    Checking defaults for OML/cmm/m/it on input line 67.
LaTeX Font Info:    ... okay on input line 67.
LaTeX Font Info:    Checking defaults for T1/cmr/m/n on input line 67.
LaTeX Font Info:    ... okay on input line 67.
LaTeX Font Info:    Checking defaults for OT1/cmr/m/n on input line 67.
LaTeX Font Info:    ... okay on input line 67.
LaTeX Font Info:    Checking defaults for OMS/cmsy/m/n on input line 67.
LaTeX Font Info:    ... okay on input line 67.
LaTeX Font Info:    Checking defaults for OMX/cmex/m/n on input line 67.
LaTeX Font Info:    ... okay on input line 67.
LaTeX Font Info:    Checking defaults for U/cmr/m/n on input line 67.
LaTeX Font Info:    ... okay on input line 67.
LaTeX Font Info:    Checking defaults for PD1/pdf/m/n on input line 67.
LaTeX Font Info:    ... okay on input line 67.

*geometry* driver: auto-detecting
*geometry* detected driver: pdftex
*geometry* verbose mode - [ preamble ] result:
* driver: pdftex
* paper: custom
* layout: <same size as paper>
* layoutoffset:(h,v)=(0.0pt,0.0pt)
* modes: includehead includefoot 
* h-part:(L,W,R)=(10.95003pt, 342.2953pt, 10.95003pt)
* v-part:(T,H,B)=(0.0pt, 273.14662pt, 0.0pt)
* \paperwidth=364.19536pt
* \paperheight=273.14662pt
* \textwidth=342.2953pt
* \textheight=244.6939pt
* \oddsidemargin=-61.31996pt
* \evensidemargin=-61.31996pt
* \topmargin=-72.26999pt
* \headheight=14.22636pt
* \headsep=0.0pt
* \topskip=11.0pt
* \footskip=14.22636pt
* \marginparwidth=4.0pt
* \marginparsep=10.0pt
* \columnsep=10.0pt
* \skip\footins=10.0pt plus 4.0pt minus 2.0pt
* \hoffset=0.0pt
* \voffset=0.0pt
* \mag=1000
* \@twocolumnfalse
* \@twosidefalse
* \@mparswitchfalse
* \@reversemarginfalse
* (1in=72.27pt=25.4mm, 1cm=28.453pt)

(/usr/share/texmf-dist/tex/context/base/mkii/supp-pdf.mkii
[Loading MPS to PDF converter (version 2006.09.02).]
\scratchcounter=\count187
\scratchdimen=\dimen308
\scratchbox=\box94
\nofMPsegments=\count188
\nofMParguments=\count189
\everyMPshowfont=\toks59
\MPscratchCnt=\count190
\MPscratchDim=\dimen309
\MPnumerator=\count191
\makeMPintoPDFobject=\count192
\everyMPtoPDFconversion=\toks60
) (/usr/share/texmf-dist/tex/latex/oberdiek/epstopdf-base.sty
Package: epstopdf-base 2016/05/15 v2.6 Base part for package epstopdf

(/usr/share/texmf-dist/tex/latex/oberdiek/grfext.sty
Package: grfext 2016/05/16 v1.2 Manage graphics extensions (HO)
)
Package epstopdf-base Info: Redefining graphics rule for `.eps' on input line 4
38.
Package grfext Info: Graphics extension search list:
(grfext)             [.pdf,.png,.jpg,.mps,.jpeg,.jbig2,.jb2,.PDF,.PNG,.JPG,.JPE
G,.JBIG2,.JB2,.eps]
(grfext)             \AppendGraphicsExtensions on input line 456.

(/usr/share/texmf-dist/tex/latex/latexconfig/epstopdf-sys.cfg
File: epstopdf-sys.cfg 2010/07/13 v1.3 Configuration of (r)epstopdf for TeX Liv
e
))
ABD: EveryShipout initializing macros
\AtBeginShipoutBox=\box95
Package hyperref Info: Link coloring OFF on input line 67.

(/usr/share/texmf-dist/tex/latex/hyperref/nameref.sty
Package: nameref 2016/05/21 v2.44 Cross-referencing by name of section

(/usr/share/texmf-dist/tex/generic/oberdiek/gettitlestring.sty
Package: gettitlestring 2016/05/16 v1.5 Cleanup title references (HO)
)
\c@section@level=\count193
)
LaTeX Info: Redefining \ref on input line 67.
LaTeX Info: Redefining \pageref on input line 67.
LaTeX Info: Redefining \nameref on input line 67.

(./Aula02-atalhos.out) (./Aula02-atalhos.out)
\@outlinefile=\write5
\openout5 = `Aula02-atalhos.out'.

LaTeX Font Info:    Overwriting symbol font `operators' in version `normal'
(Font)                  OT1/cmr/m/n --> OT1/cmss/m/n on input line 67.
LaTeX Font Info:    Overwriting symbol font `operators' in version `bold'
(Font)                  OT1/cmr/bx/n --> OT1/cmss/bx/n on input line 67.
\symnumbers=\mathgroup6
\sympureletters=\mathgroup7
LaTeX Font Info:    Overwriting math alphabet `\mathrm' in version `normal'
(Font)                  OT1/cmss/m/n --> OT1/cmr/m/n on input line 67.
LaTeX Font Info:    Redeclaring math alphabet \mathbf on input line 67.
LaTeX Font Info:    Overwriting math alphabet `\mathbf' in version `normal'
(Font)                  OT1/cmr/bx/n --> OT1/cmss/bx/n on input line 67.
LaTeX Font Info:    Overwriting math alphabet `\mathbf' in version `bold'
(Font)                  OT1/cmr/bx/n --> OT1/cmss/bx/n on input line 67.
LaTeX Font Info:    Redeclaring math alphabet \mathsf on input line 67.
LaTeX Font Info:    Overwriting math alphabet `\mathsf' in version `normal'
(Font)                  OT1/cmss/m/n --> OT1/cmss/m/n on input line 67.
LaTeX Font Info:    Overwriting math alphabet `\mathsf' in version `bold'
(Font)                  OT1/cmss/bx/n --> OT1/cmss/m/n on input line 67.
LaTeX Font Info:    Redeclaring math alphabet \mathit on input line 67.
LaTeX Font Info:    Overwriting math alphabet `\mathit' in version `normal'
(Font)                  OT1/cmr/m/it --> OT1/cmss/m/it on input line 67.
LaTeX Font Info:    Overwriting math alphabet `\mathit' in version `bold'
(Font)                  OT1/cmr/bx/it --> OT1/cmss/m/it on input line 67.
LaTeX Font Info:    Redeclaring math alphabet \mathtt on input line 67.
LaTeX Font Info:    Overwriting math alphabet `\mathtt' in version `normal'
(Font)                  OT1/cmtt/m/n --> OT1/cmtt/m/n on input line 67.
LaTeX Font Info:    Overwriting math alphabet `\mathtt' in version `bold'
(Font)                  OT1/cmtt/m/n --> OT1/cmtt/m/n on input line 67.
LaTeX Font Info:    Overwriting symbol font `numbers' in version `bold'
(Font)                  OT1/cmss/m/n --> OT1/cmss/bx/n on input line 67.
LaTeX Font Info:    Overwriting symbol font `pureletters' in version `bold'
(Font)                  OT1/cmss/m/it --> OT1/cmss/bx/it on input line 67.
LaTeX Font Info:    Overwriting math alphabet `\mathrm' in version `bold'
(Font)                  OT1/cmss/bx/n --> OT1/cmr/bx/n on input line 67.
LaTeX Font Info:    Overwriting math alphabet `\mathbf' in version `bold'
(Font)                  OT1/cmss/bx/n --> OT1/cmss/bx/n on input line 67.
LaTeX Font Info:    Overwriting math alphabet `\mathsf' in version `bold'
(Font)                  OT1/cmss/m/n --> OT1/cmss/bx/n on input line 67.
LaTeX Font Info:    Overwriting math alphabet `\mathit' in version `bold'
(Font)                  OT1/cmss/m/it --> OT1/cmss/bx/it on input line 67.
LaTeX Font Info:    Overwriting math alphabet `\mathtt' in version `bold'
(Font)                  OT1/cmtt/m/n --> OT1/cmtt/bx/n on input line 67.
LaTeX Font Info:    Redeclaring symbol font `pureletters' on input line 67.
LaTeX Font Info:    Overwriting symbol font `pureletters' in version `normal'
(Font)                  OT1/cmss/m/it --> OT1/mathkerncmss/m/sl on input line 6
7.
LaTeX Font Info:    Overwriting symbol font `pureletters' in version `bold'
(Font)                  OT1/cmss/bx/it --> OT1/mathkerncmss/m/sl on input line 
67.
LaTeX Font Info:    Overwriting symbol font `pureletters' in version `bold'
(Font)                  OT1/mathkerncmss/m/sl --> OT1/mathkerncmss/bx/sl on inp
ut line 67.

(/usr/share/texmf-dist/tex/latex/translator/translator-basic-dictionary-English
.dict
Dictionary: translator-basic-dictionary, Language: English 
)
(/usr/share/texmf-dist/tex/latex/translator/translator-bibliography-dictionary-
English.dict
Dictionary: translator-bibliography-dictionary, Language: English 
)
(/usr/share/texmf-dist/tex/latex/translator/translator-environment-dictionary-E
nglish.dict
Dictionary: translator-environment-dictionary, Language: English 
)
(/usr/share/texmf-dist/tex/latex/translator/translator-months-dictionary-Englis
h.dict
Dictionary: translator-months-dictionary, Language: English 
)
(/usr/share/texmf-dist/tex/latex/translator/translator-numbers-dictionary-Engli
sh.dict
Dictionary: translator-numbers-dictionary, Language: English 
)
(/usr/share/texmf-dist/tex/latex/translator/translator-theorem-dictionary-Engli
sh.dict
Dictionary: translator-theorem-dictionary, Language: English 
) (/usr/share/texmf-dist/tex/latex/ucs/ucsencs.def
File: ucsencs.def 2011/01/21 Fixes to fontencodings LGR, T3
)
\c@lstlisting=\count194

(./Aula02-atalhos.nav) [1

{/var/lib/texmf/fonts/map/pdftex/updmap/pdftex.map}]
(./Aula02-atalhos.toc) [2

] [3

] [4

] [5

]
LaTeX Font Info:    Try loading font information for U+msa on input line 130.

(/usr/share/texmf-dist/tex/latex/amsfonts/umsa.fd
File: umsa.fd 2013/01/14 v3.01 AMS symbols A
)
LaTeX Font Info:    Try loading font information for U+msb on input line 130.

(/usr/share/texmf-dist/tex/latex/amsfonts/umsb.fd
File: umsb.fd 2013/01/14 v3.01 AMS symbols B
)
LaTeX Font Info:    Try loading font information for OT1+mathkerncmss on input 
line 130.

(/usr/share/texmf-dist/tex/latex/sansmathaccent/ot1mathkerncmss.fd
File: ot1mathkerncmss.fd 2013/03/27 Fontinst v1.933 font definitions for OT1/ma
thkerncmss.
) [6

]
[7

]
<Imagens/00_pagina_esquematico.png, id=274, 1347.1128pt x 830.6232pt>
File: Imagens/00_pagina_esquematico.png Graphic file (type png)
<use Imagens/00_pagina_esquematico.png>
Package pdftex.def Info: Imagens/00_pagina_esquematico.png  used on input line 
195.
(pdftex.def)             Requested size: 273.83728pt x 168.84666pt.

Overfull \vbox (2.0497pt too high) detected at line 195
 []

[8

 <./Imagens/00_pagina_esquematico.png (PNG copy)>]

LaTeX Font Warning: Font shape `OT1/cmss/bx/it' undefined
(Font)              using `OT1/cmss/bx/n' instead on input line 218.


Overfull \vbox (3.35605pt too high) detected at line 218
 []

[9

]
Overfull \vbox (3.35605pt too high) detected at line 218
 []

[10

]
<Imagens/01_adicionar_componente.png, id=355, 572.7782pt x 462.0667pt>
File: Imagens/01_adicionar_componente.png Graphic file (type png)
<use Imagens/01_adicionar_componente.png>
Package pdftex.def Info: Imagens/01_adicionar_componente.png  used on input lin
e 231.
(pdftex.def)             Requested size: 188.26346pt x 151.87613pt.

Overfull \vbox (5.94662pt too high) detected at line 231
 []

[11

 <./Imagens/01_adicionar_componente.png (PNG copy)>]
<Imagens/1_1_editar_componente_datasheed.png, id=383, 843.15pt x 656.2116pt>
File: Imagens/1_1_editar_componente_datasheed.png Graphic file (type png)
<use Imagens/1_1_editar_componente_datasheed.png>
Package pdftex.def Info: Imagens/1_1_editar_componente_datasheed.png  used on i
nput line 244.
(pdftex.def)             Requested size: 188.26346pt x 146.51978pt.

Overfull \vbox (0.59027pt too high) detected at line 244
 []

[12

 <./Imagens/1_1_editar_componente_datasheed.png (PNG copy)>]
<Imagens/02_circuito_filtro_pre_montado.png, id=411, 1286.25223pt x 515.11595pt
>
File: Imagens/02_circuito_filtro_pre_montado.png Graphic file (type png)
<use Imagens/02_circuito_filtro_pre_montado.png>
Package pdftex.def Info: Imagens/02_circuito_filtro_pre_montado.png  used on in
put line 252.
(pdftex.def)             Requested size: 342.2953pt x 137.07886pt.
 [13

 <./Imagens/02_circuito_filtro_pre_montado.png (PNG copy)>]
<Imagens/03_label.png, id=440, 266.78394pt x 186.05681pt>
File: Imagens/03_label.png Graphic file (type png)
<use Imagens/03_label.png>
Package pdftex.def Info: Imagens/03_label.png  used on input line 265.
(pdftex.def)             Requested size: 205.37926pt x 143.23296pt.
 [14

 <./Imagens/03_label.png (PNG copy)>]
<Imagens/04_circ_com_label.png, id=466, 1284.71457pt x 588.15479pt>
File: Imagens/04_circ_com_label.png Graphic file (type png)
<use Imagens/04_circ_com_label.png>
Package pdftex.def Info: Imagens/04_circ_com_label.png  used on input line 273.

(pdftex.def)             Requested size: 342.2953pt x 156.70387pt.
 [15

 <./Imagens/04_circ_com_label.png (PNG copy)>]
<Imagens/05_anotate_local.png, id=493, 246.79436pt x 92.25957pt>
File: Imagens/05_anotate_local.png Graphic file (type png)
<use Imagens/05_anotate_local.png>
Package pdftex.def Info: Imagens/05_anotate_local.png  used on input line 288.
(pdftex.def)             Requested size: 342.2953pt x 127.96729pt.
 [16

 <./Imagens/05_anotate_local.png (PNG copy)>]
<Imagens/06_anotate_janela.png, id=521, 508.19649pt x 412.09277pt>
File: Imagens/06_anotate_janela.png Graphic file (type png)
<use Imagens/06_anotate_janela.png>
Package pdftex.def Info: Imagens/06_anotate_janela.png  used on input line 296.

(pdftex.def)             Requested size: 239.60567pt x 194.29356pt.

Overfull \vbox (6.76743pt too high) detected at line 296
 []

[17

 <./Imagens/06_anotate_janela.png (PNG copy)>]
<Imagens/07_circ_com_anotate.png, id=548, 1283.94574pt x 625.82745pt>
File: Imagens/07_circ_com_anotate.png Graphic file (type png)
<use Imagens/07_circ_com_anotate.png>
Package pdftex.def Info: Imagens/07_circ_com_anotate.png  used on input line 30
8.
(pdftex.def)             Requested size: 325.17949pt x 158.50003pt.
 [18

 <./Imagens/07_circ_com_anotate.png (PNG copy)>]
File: Imagens/07_circ_com_anotate.png Graphic file (type png)
<use Imagens/07_circ_com_anotate.png>
Package pdftex.def Info: Imagens/07_circ_com_anotate.png  used on input line 30
8.
(pdftex.def)             Requested size: 325.17949pt x 158.50003pt.
 [19

]
<Imagens/08_joaninha.png, id=603, 237.5684pt x 86.87776pt>
File: Imagens/08_joaninha.png Graphic file (type png)
<use Imagens/08_joaninha.png>
Package pdftex.def Info: Imagens/08_joaninha.png  used on input line 326.
(pdftex.def)             Requested size: 273.83728pt x 100.14326pt.
 [20

 <./Imagens/08_joaninha.png (PNG copy)>]
<Imagens/09_joaninha_janela.png, id=631, 509.73415pt x 495.89522pt>
File: Imagens/09_joaninha_janela.png Graphic file (type png)
<use Imagens/09_joaninha_janela.png>
Package pdftex.def Info: Imagens/09_joaninha_janela.png  used on input line 338
.
(pdftex.def)             Requested size: 171.14764pt x 166.49858pt.

[21

 <./Imagens/09_joaninha_janela.png (PNG copy)>]
File: Imagens/09_joaninha_janela.png Graphic file (type png)
<use Imagens/09_joaninha_janela.png>
Package pdftex.def Info: Imagens/09_joaninha_janela.png  used on input line 338
.
(pdftex.def)             Requested size: 171.14764pt x 166.49858pt.
 [22

]
<Imagens/10_joaninha_erro.png, id=684, 515.88478pt x 493.58873pt>
File: Imagens/10_joaninha_erro.png Graphic file (type png)
<use Imagens/10_joaninha_erro.png>
Package pdftex.def Info: Imagens/10_joaninha_erro.png  used on input line 346.
(pdftex.def)             Requested size: 205.37926pt x 196.5056pt.

Overfull \vbox (8.97946pt too high) detected at line 346
 []

[23

 <./Imagens/10_joaninha_erro.png (PNG copy)>]
<Imagens/11_erro_no_circuito.png, id=712, 1280.1016pt x 578.16pt>
File: Imagens/11_erro_no_circuito.png Graphic file (type png)
<use Imagens/11_erro_no_circuito.png>
Package pdftex.def Info: Imagens/11_erro_no_circuito.png  used on input line 35
8.
(pdftex.def)             Requested size: 308.06367pt x 139.13176pt.
 [24

 <./Imagens/11_erro_no_circuito.png (PNG copy)>]
File: Imagens/11_erro_no_circuito.png Graphic file (type png)
<use Imagens/11_erro_no_circuito.png>
Package pdftex.def Info: Imagens/11_erro_no_circuito.png  used on input line 35
8.
(pdftex.def)             Requested size: 308.06367pt x 139.13176pt.
 [25

]
<Imagens/12_add_pwr_flag.png, id=766, 562.7834pt x 448.22777pt>
File: Imagens/12_add_pwr_flag.png Graphic file (type png)
<use Imagens/12_add_pwr_flag.png>
Package pdftex.def Info: Imagens/12_add_pwr_flag.png  used on input line 366.
(pdftex.def)             Requested size: 239.60567pt x 190.83282pt.

Overfull \vbox (3.30669pt too high) detected at line 366
 []

[26

 <./Imagens/12_add_pwr_flag.png (PNG copy)>]
<Imagens/13_circ_com_pwr_flag.png, id=794, 1276.25745pt x 603.53139pt>
File: Imagens/13_circ_com_pwr_flag.png Graphic file (type png)
<use Imagens/13_circ_com_pwr_flag.png>
Package pdftex.def Info: Imagens/13_circ_com_pwr_flag.png  used on input line 3
74.
(pdftex.def)             Requested size: 342.2953pt x 161.86897pt.
 [27

 <./Imagens/13_circ_com_pwr_flag.png (PNG copy)>]
<Imagens/14_joaninha_sem_erro.png, id=821, 507.42766pt x 491.28223pt>
File: Imagens/14_joaninha_sem_erro.png Graphic file (type png)
<use Imagens/14_joaninha_sem_erro.png>
Package pdftex.def Info: Imagens/14_joaninha_sem_erro.png  used on input line 3
82.
(pdftex.def)             Requested size: 188.26346pt x 182.27383pt.

Overfull \vbox (12.7477pt too high) detected at line 382
 []

[28

 <./Imagens/14_joaninha_sem_erro.png (PNG copy)>]
<Imagens/15_netlist.png, id=847, 177.59969pt x 77.65181pt>
File: Imagens/15_netlist.png Graphic file (type png)
<use Imagens/15_netlist.png>
Package pdftex.def Info: Imagens/15_netlist.png  used on input line 396.
(pdftex.def)             Requested size: 273.83728pt x 119.73224pt.
 [29

 <./Imagens/15_netlist.png (PNG copy)>]
<Imagens/15_netlist_janela.png, id=875, 498.97054pt x 249.86967pt>
File: Imagens/15_netlist_janela.png Graphic file (type png)
<use Imagens/15_netlist_janela.png>
Package pdftex.def Info: Imagens/15_netlist_janela.png  used on input line 410.

(pdftex.def)             Requested size: 273.83728pt x 137.12753pt.
 [30

 <./Imagens/15_netlist_janela.png (PNG copy)>]
File: Imagens/15_netlist_janela.png Graphic file (type png)
<use Imagens/15_netlist_janela.png>
Package pdftex.def Info: Imagens/15_netlist_janela.png  used on input line 410.

(pdftex.def)             Requested size: 273.83728pt x 137.12753pt.
 [31

]
<Imagens/17_associar_janela.png, id=928, 1473.8467pt x 796.50766pt>
File: Imagens/17_associar_janela.png Graphic file (type png)
<use Imagens/17_associar_janela.png>
Package pdftex.def Info: Imagens/17_associar_janela.png  used on input line 426
.
(pdftex.def)             Requested size: 222.48985pt x 120.23666pt.

Overfull \vbox (5.94882pt too high) detected at line 426
 []

[32

 <./Imagens/17_associar_janela.png (PNG copy)>]
File: Imagens/17_associar_janela.png Graphic file (type png)
<use Imagens/17_associar_janela.png>
Package pdftex.def Info: Imagens/17_associar_janela.png  used on input line 426
.
(pdftex.def)             Requested size: 222.48985pt x 120.23666pt.

Overfull \vbox (5.94882pt too high) detected at line 426
 []

[33

]
<Imagens/18_ver_componente.png, id=982, 184.51915pt x 74.57649pt>
File: Imagens/18_ver_componente.png Graphic file (type png)
<use Imagens/18_ver_componente.png>
Package pdftex.def Info: Imagens/18_ver_componente.png  used on input line 441.

(pdftex.def)             Requested size: 273.83728pt x 110.68666pt.
 [34

 <./Imagens/18_ver_componente.png (PNG copy)>]
File: Imagens/18_ver_componente.png Graphic file (type png)
<use Imagens/18_ver_componente.png>
Package pdftex.def Info: Imagens/18_ver_componente.png  used on input line 441.

(pdftex.def)             Requested size: 273.83728pt x 110.68666pt.
 [35

]
<Imagens/19_janela_ver_componente.png, id=1036, 1202.44978pt x 405.94212pt>
File: Imagens/19_janela_ver_componente.png Graphic file (type png)
<use Imagens/19_janela_ver_componente.png>
Package pdftex.def Info: Imagens/19_janela_ver_componente.png  used on input li
ne 453.
(pdftex.def)             Requested size: 342.2953pt x 115.55223pt.
 [36

 <./Imagens/19_janela_ver_componente.png (PNG copy)>]
File: Imagens/19_janela_ver_componente.png Graphic file (type png)
<use Imagens/19_janela_ver_componente.png>
Package pdftex.def Info: Imagens/19_janela_ver_componente.png  used on input li
ne 453.
(pdftex.def)             Requested size: 342.2953pt x 115.55223pt.
 [37

]
<Imagens/21_view_3d_janela.png, id=1090, 739.61426pt x 814.19075pt>
File: Imagens/21_view_3d_janela.png Graphic file (type png)
<use Imagens/21_view_3d_janela.png>
Package pdftex.def Info: Imagens/21_view_3d_janela.png  used on input line 465.

(pdftex.def)             Requested size: 136.91603pt x 150.70988pt.
 [38

 <./Imagens/21_view_3d_janela.png (PNG copy)>]
File: Imagens/21_view_3d_janela.png Graphic file (type png)
<use Imagens/21_view_3d_janela.png>
Package pdftex.def Info: Imagens/21_view_3d_janela.png  used on input line 465.

(pdftex.def)             Requested size: 136.91603pt x 150.70988pt.
 [39

]
<Imagens/22_medindo_distancias.png, id=1144, 532.03021pt x 74.57649pt>
File: Imagens/22_medindo_distancias.png Graphic file (type png)
<use Imagens/22_medindo_distancias.png>
Package pdftex.def Info: Imagens/22_medindo_distancias.png  used on input line 
485.
(pdftex.def)             Requested size: 342.2953pt x 47.98254pt.
 [40

 <./Imagens/22_medindo_distancias.png (PNG copy)>]
File: Imagens/22_medindo_distancias.png Graphic file (type png)
<use Imagens/22_medindo_distancias.png>
Package pdftex.def Info: Imagens/22_medindo_distancias.png  used on input line 
485.
(pdftex.def)             Requested size: 342.2953pt x 47.98254pt.

[41

]
File: Imagens/22_medindo_distancias.png Graphic file (type png)
<use Imagens/22_medindo_distancias.png>
Package pdftex.def Info: Imagens/22_medindo_distancias.png  used on input line 
485.
(pdftex.def)             Requested size: 342.2953pt x 47.98254pt.
 [42

]
<Imagens/22_cuidado_unidade.png, id=1223, 179.90617pt x 67.65703pt>
File: Imagens/22_cuidado_unidade.png Graphic file (type png)
<use Imagens/22_cuidado_unidade.png>
Package pdftex.def Info: Imagens/22_cuidado_unidade.png  used on input line 498
.
(pdftex.def)             Requested size: 342.2953pt x 128.7479pt.
 [43

 <./Imagens/22_cuidado_unidade.png (PNG copy)>]
<Imagens/23_terminando_associar.png, id=1252, 1476.1532pt x 814.95958pt>
File: Imagens/23_terminando_associar.png Graphic file (type png)
<use Imagens/23_terminando_associar.png>
Package pdftex.def Info: Imagens/23_terminando_associar.png  used on input line
 511.
(pdftex.def)             Requested size: 222.48985pt x 122.82312pt.
 [44

 <./Imagens/23_terminando_associar.png (PNG copy)>]
File: Imagens/23_terminando_associar.png Graphic file (type png)
<use Imagens/23_terminando_associar.png>
Package pdftex.def Info: Imagens/23_terminando_associar.png  used on input line
 511.
(pdftex.def)             Requested size: 222.48985pt x 122.82312pt.
 [45

]
<Imagens/24_rodando_pcbnew.png, id=1303, 299.84361pt x 83.80244pt>
File: Imagens/24_rodando_pcbnew.png Graphic file (type png)
<use Imagens/24_rodando_pcbnew.png>
Package pdftex.def Info: Imagens/24_rodando_pcbnew.png  used on input line 520.

(pdftex.def)             Requested size: 239.60567pt x 66.96915pt.
 [46

 <./Imagens/24_rodando_pcbnew.png (PNG copy)>]
<Imagens/25_janela_pcbnew.png, id=1331, 1476.1532pt x 830.33617pt>
File: Imagens/25_janela_pcbnew.png Graphic file (type png)
<use Imagens/25_janela_pcbnew.png>
Package pdftex.def Info: Imagens/25_janela_pcbnew.png  used on input line 537.
(pdftex.def)             Requested size: 222.48985pt x 125.14053pt.

Overfull \vbox (27.7152pt too high) detected at line 537
 []

[47

 <./Imagens/25_janela_pcbnew.png (PNG copy)>]
File: Imagens/25_janela_pcbnew.png Graphic file (type png)
<use Imagens/25_janela_pcbnew.png>
Package pdftex.def Info: Imagens/25_janela_pcbnew.png  used on input line 537.
(pdftex.def)             Requested size: 222.48985pt x 125.14053pt.

Overfull \vbox (27.7152pt too high) detected at line 537
 []

[48

]
<Imagens/26_read_netlist.png, id=1385, 175.2932pt x 100.7167pt>
File: Imagens/26_read_netlist.png Graphic file (type png)
<use Imagens/26_read_netlist.png>
Package pdftex.def Info: Imagens/26_read_netlist.png  used on input line 550.
(pdftex.def)             Requested size: 239.60567pt x 137.67674pt.

Overfull \vbox (4.05139pt too high) detected at line 550
 []

[49

 <./Imagens/26_read_netlist.png (PNG copy)>]
<Imagens/27_read_netlist_janela.png, id=1413, 508.19649pt x 413.63043pt>
File: Imagens/27_read_netlist_janela.png Graphic file (type png)
<use Imagens/27_read_netlist_janela.png>
Package pdftex.def Info: Imagens/27_read_netlist_janela.png  used on input line
 562.
(pdftex.def)             Requested size: 136.91603pt x 111.43555pt.
 [50

 <./Imagens/27_read_netlist_janela.png (PNG copy)>]
<Imagens/28_componentes_board.png, id=1440, 475.90564pt x 308.30075pt>
File: Imagens/28_componentes_board.png Graphic file (type png)
<use Imagens/28_componentes_board.png>
Package pdftex.def Info: Imagens/28_componentes_board.png  used on input line 5
74.
(pdftex.def)             Requested size: 239.60567pt x 155.22256pt.
 [51

 <./Imagens/28_componentes_board.png (PNG copy)>]
File: Imagens/28_componentes_board.png Graphic file (type png)
<use Imagens/28_componentes_board.png>
Package pdftex.def Info: Imagens/28_componentes_board.png  used on input line 5
74.
(pdftex.def)             Requested size: 239.60567pt x 155.22256pt.

[52

]
<Imagens/30_design_rules.png, id=1494, 251.40733pt x 193.7451pt>
File: Imagens/30_design_rules.png Graphic file (type png)
<use Imagens/30_design_rules.png>
Package pdftex.def Info: Imagens/30_design_rules.png  used on input line 587.
(pdftex.def)             Requested size: 154.03183pt x 118.70168pt.
 [53

 <./Imagens/30_design_rules.png (PNG copy)>]
<Imagens/31_design_padrao.png, id=1521, 683.48969pt x 200.66458pt>
File: Imagens/31_design_padrao.png Graphic file (type png)
<use Imagens/31_design_padrao.png>
Package pdftex.def Info: Imagens/31_design_padrao.png  used on input line 595.
(pdftex.def)             Requested size: 342.2953pt x 100.49431pt.
 [54

 <./Imagens/31_design_padrao.png (PNG copy)>]
<Imagens/30_clearance.png, id=1548, 433.62pt x 433.62pt>
File: Imagens/30_clearance.png Graphic file (type png)
<use Imagens/30_clearance.png>
Package pdftex.def Info: Imagens/30_clearance.png  used on input line 607.
(pdftex.def)             Requested size: 136.91603pt x 136.91522pt.
 [55

 <./Imagens/30_clearance.png>] [56

]
<Imagens/32_organizacao_circuito.png, id=1604, 602.76256pt x 581.23532pt>
File: Imagens/32_organizacao_circuito.png Graphic file (type png)
<use Imagens/32_organizacao_circuito.png>
Package pdftex.def Info: Imagens/32_organizacao_circuito.png  used on input lin
e 625.
(pdftex.def)             Requested size: 205.37926pt x 198.0431pt.

Overfull \vbox (10.51697pt too high) detected at line 625
 []

[57

 <./Imagens/32_organizacao_circuito.png (PNG copy)>]
<Imagens/33_layers.png, id=1631, 229.11128pt x 219.88531pt>
File: Imagens/33_layers.png Graphic file (type png)
<use Imagens/33_layers.png>
Package pdftex.def Info: Imagens/33_layers.png  used on input line 640.
(pdftex.def)             Requested size: 119.80544pt x 114.9785pt.

Overfull \vbox (2.24901pt too high) detected at line 640
 []

[58

 <./Imagens/33_layers.png (PNG copy)>]
<Imagens/34_circuito_pre_router.png, id=1658, 512.04063pt x 520.49777pt>
File: Imagens/34_circuito_pre_router.png Graphic file (type png)
<use Imagens/34_circuito_pre_router.png>
Package pdftex.def Info: Imagens/34_circuito_pre_router.png  used on input line
 648.
(pdftex.def)             Requested size: 171.14764pt x 173.9727pt.
 [59

 <./Imagens/34_circuito_pre_router.png (PNG copy)>]
<Imagens/35_add_malha_terra.png, id=1686, 126.85692pt x 105.32968pt>
File: Imagens/35_add_malha_terra.png Graphic file (type png)
<use Imagens/35_add_malha_terra.png>
Package pdftex.def Info: Imagens/35_add_malha_terra.png  used on input line 661
.
(pdftex.def)             Requested size: 171.14764pt x 142.11821pt.
 [60

 <./Imagens/35_add_malha_terra.png (PNG copy)>]
<Imagens/36_malha_terra_janela.png, id=1713, 581.23532pt x 406.71095pt>
File: Imagens/36_malha_terra_janela.png Graphic file (type png)
<use Imagens/36_malha_terra_janela.png>
Package pdftex.def Info: Imagens/36_malha_terra_janela.png  used on input line 
674.
(pdftex.def)             Requested size: 188.26346pt x 131.73267pt.

Overfull \vbox (2.97398pt too high) detected at line 674
 []

[61

 <./Imagens/36_malha_terra_janela.png (PNG copy)>]
<Imagens/37_circ_com_malha.png, id=1741, 528.18607pt x 525.11075pt>
File: Imagens/37_circ_com_malha.png Graphic file (type png)
<use Imagens/37_circ_com_malha.png>
Package pdftex.def Info: Imagens/37_circ_com_malha.png  used on input line 682.

(pdftex.def)             Requested size: 171.14764pt x 170.15417pt.
 [62

 <./Imagens/37_circ_com_malha.png (PNG copy)>]
<Imagens/38_0_unrouted.png, id=1768, 459.76021pt x 73.03883pt>
File: Imagens/38_0_unrouted.png Graphic file (type png)
<use Imagens/38_0_unrouted.png>
Package pdftex.def Info: Imagens/38_0_unrouted.png  used on input line 693.
(pdftex.def)             Requested size: 342.2953pt x 54.37888pt.
 [63

 <./Imagens/38_0_unrouted.png (PNG copy)>]
<Imagens/40_3d_view.png, id=1796, 503.58351pt x 457.45372pt>
File: Imagens/40_3d_view.png Graphic file (type png)
<use Imagens/40_3d_view.png>
Package pdftex.def Info: Imagens/40_3d_view.png  used on input line 701.
(pdftex.def)             Requested size: 205.37926pt x 186.56604pt.
 [64

 <./Imagens/40_3d_view.png (PNG copy)>]
<Imagens/40_3d_view_2.png, id=1822, 543.56265pt x 511.2718pt>
File: Imagens/40_3d_view_2.png Graphic file (type png)
<use Imagens/40_3d_view_2.png>
Package pdftex.def Info: Imagens/40_3d_view_2.png  used on input line 709.
(pdftex.def)             Requested size: 205.37926pt x 193.1775pt.

Overfull \vbox (5.65137pt too high) detected at line 709
 []

[65

 <./Imagens/40_3d_view_2.png (PNG copy)>] [66

]
<Imagens/39_duplicate.png, id=1874, 603.53139pt x 570.4717pt>
File: Imagens/39_duplicate.png Graphic file (type png)
<use Imagens/39_duplicate.png>
Package pdftex.def Info: Imagens/39_duplicate.png  used on input line 736.
(pdftex.def)             Requested size: 154.03183pt x 145.59457pt.
 [67

 <./Imagens/39_duplicate.png (PNG copy)>]
<Imagens/41_print_janela.png, id=1903, 651.96767pt x 292.15532pt>
File: Imagens/41_print_janela.png Graphic file (type png)
<use Imagens/41_print_janela.png>
Package pdftex.def Info: Imagens/41_print_janela.png  used on input line 744.
(pdftex.def)             Requested size: 342.2953pt x 153.39275pt.
 [68

 <./Imagens/41_print_janela.png (PNG copy)>]
<Imagens/42_placa_final.png, id=1930, 691.17798pt x 631.97809pt>
File: Imagens/42_placa_final.png Graphic file (type png)
<use Imagens/42_placa_final.png>
Package pdftex.def Info: Imagens/42_placa_final.png  used on input line 752.
(pdftex.def)             Requested size: 205.37926pt x 187.78197pt.

Overfull \vbox (0.25583pt too high) detected at line 752
 []

[69

 <./Imagens/42_placa_final.png (PNG copy)>] [70

] [71

]
\tf@nav=\write6
\openout6 = `Aula02-atalhos.nav'.

\tf@toc=\write7
\openout7 = `Aula02-atalhos.toc'.

\tf@snm=\write8
\openout8 = `Aula02-atalhos.snm'.

Package atveryend Info: Empty hook `BeforeClearDocument' on input line 765.
Package atveryend Info: Empty hook `AfterLastShipout' on input line 765.
 (./Aula02-atalhos.aux)
Package atveryend Info: Executing hook `AtVeryEndDocument' on input line 765.
Package atveryend Info: Executing hook `AtEndAfterFileList' on input line 765.
Package rerunfilecheck Info: File `Aula02-atalhos.out' has not changed.
(rerunfilecheck)             Checksum: 78B0C85348D73EFAB882B0002197C80E;555.

LaTeX Font Warning: Some font shapes were not available, defaults substituted.

 ) 
Here is how much of TeX's memory you used:
 35179 strings out of 492649
 762851 string characters out of 6135778
 1023438 words of memory out of 5000000
 38201 multiletter control sequences out of 15000+600000
 23192 words of font info for 79 fonts, out of 8000000 for 9000
 1141 hyphenation exceptions out of 8191
 56i,16n,67p,781b,870s stack positions out of 5000i,500n,10000p,200000b,80000s
</usr/share/texmf-dist/fonts/type1/public/amsfonts/cm/cmbsy10.pfb></usr/share
/texmf-dist/fonts/type1/public/amsfonts/cm/cmmi8.pfb></usr/share/texmf-dist/fon
ts/type1/public/amsfonts/cm/cmss10.pfb></usr/share/texmf-dist/fonts/type1/publi
c/amsfonts/cm/cmss12.pfb></usr/share/texmf-dist/fonts/type1/public/amsfonts/cm/
cmss8.pfb></usr/share/texmf-dist/fonts/type1/public/amsfonts/cm/cmss9.pfb></usr
/share/texmf-dist/fonts/type1/public/amsfonts/cm/cmssbx10.pfb></usr/share/texmf
-dist/fonts/type1/public/amsfonts/cm/cmssi10.pfb></usr/share/texmf-dist/fonts/t
ype1/public/amsfonts/cm/cmssi12.pfb></usr/share/texmf-dist/fonts/type1/public/a
msfonts/cm/cmssi8.pfb></usr/share/texmf-dist/fonts/type1/public/amsfonts/cm/cms
y10.pfb></usr/share/texmf-dist/fonts/type1/public/amsfonts/cm/cmtt10.pfb></usr/
share/texmf-dist/fonts/type1/public/amsfonts/cm/cmtt12.pfb>
Output written on Aula02-atalhos.pdf (71 pages, 2227976 bytes).
PDF statistics:
 2088 PDF objects out of 2487 (max. 8388607)
 1921 compressed objects within 20 object streams
 153 named destinations out of 1000 (max. 500000)
 380 words of extra memory for PDF output out of 10000 (max. 10000000)

